Added folder: A (Assemblies)
Added folder: A\0
Added folder: A\0\0
Added folder: A\0\0\0x
Added file: EC-0000A.txt
Added folder: B (Sub-Assemblies)
Added folder: B\0
Added folder: B\0\0
Added folder: B\0\0\0x
Added file: EC-0000B.txt
Added folder: C (Capacitors)
Added folder: C\0
Added folder: C\0\0
Added folder: C\0\0\0x
Added file: EC-0000C.txt
Added folder: L (Inductors)
Added folder: L\0
Added folder: L\0\0
Added folder: L\0\0\0x
Added file: EC-0000L.txt
Added folder: M (Mechanical)
Added folder: M\0
Added folder: M\0\0
Added folder: M\0\0\0x
Added file: EC-0000M.txt
Added folder: R (Resistors)
Added folder: R\0
Added folder: R\0\0
Added folder: R\0\0\0x
Added file: EC-0000R.txt
Added folder: U (ICs)
Added folder: U\0
Added folder: U\0\0
Added folder: U\0\0\0x
Added file: EC-0000U.txt
Added folder: W (Documents)
Added folder: W\0
Added folder: W\0\0
Added folder: W\0\0\0x
Added file: EC-0000W.txt
Found: EC-0000A.txt
Found: EC-0000B.txt
Found: EC-0000C.txt
Found: EC-0000L.txt
Found: EC-0000M.txt
Found: EC-0001M.txt
Found: EC-0000R.txt
Found: EC-0000U.txt
Found: EC-0000W.txt
Found: EC-0000A.txt
Found: EC-0000B.txt
Found: EC-0000C.txt
Found: EC-0000L.txt
Found: EC-0000M.txt
Found: EC-0001M.txt
Found: EC-0000R.txt
Found: EC-0000U.txt
Found: EC-0000W.txt
Found: EC-0000A.txt
Found: EC-0000B.txt
Found: EC-0000C.txt
Found: EC-0000L.txt
Found: EC-0000M.txt
Found: EC-0001M.txt
Found: EC-0000R.txt
Found: EC-0000U.txt
Found: EC-0000W.txt
Found: EC-0000A.txt
Found: EC-0000B.txt
Found: EC-0000C.txt
Found: EC-0000L.txt
Found: EC-0000M.txt
Found: EC-0001M.txt
Found: EC-0000R.txt
Found: EC-0000U.txt
Found: EC-0000W.txt
Found: EC-0000A.txt
Found: EC-0000B.txt
Found: EC-0000C.txt
Found: EC-0000L.txt
Found: EC-0000M.txt
Found: EC-0001M.txt
Found: EC-0000R.txt
Found: EC-0000U.txt
Found: EC-0000W.txt
